<?xml version="1.0" encoding="UTF-8"?>
<testng-results ignored="0" total="2" passed="2" failed="0" skipped="0">
  <reporter-output>
  </reporter-output>
  <suite started-at="2022-06-11T18:18:08 CDT" name="Default suite" finished-at="2022-06-11T18:18:41 CDT" duration-ms="32769">
    <groups>
      <group name="cucumber">
        <method signature="AbstractTestNGCucumberTests.runScenario(io.cucumber.testng.PickleWrapper,io.cucumber.testng.FeatureWrapper)[pri:0, instance:com.salesforce.runner.Runner@16293aa2]" name="runScenario" class="io.cucumber.testng.AbstractTestNGCucumberTests"/>
      </group> <!-- cucumber -->
    </groups>
    <test started-at="2022-06-11T18:18:08 CDT" name="Default test" finished-at="2022-06-11T18:18:41 CDT" duration-ms="32769">
      <class name="com.salesforce.runner.Runner">
        <test-method is-config="true" signature="setUpClass()[pri:0, instance:com.salesforce.runner.Runner@16293aa2]" started-at="2022-06-11T18:18:08 CDT" name="setUpClass" finished-at="2022-06-11T18:18:09 CDT" duration-ms="928" status="PASS">
          <reporter-output>
          </reporter-output>
        </test-method> <!-- setUpClass -->
        <test-method signature="runScenario(io.cucumber.testng.PickleWrapper,io.cucumber.testng.FeatureWrapper)[pri:0, instance:com.salesforce.runner.Runner@16293aa2]" started-at="2022-06-11T18:18:09 CDT" name="runScenario" description="Runs Cucumber Scenarios" data-provider="scenarios" finished-at="2022-06-11T18:18:25 CDT" duration-ms="16084" status="PASS">
          <params>
            <param index="0">
              <value>
                <![CDATA["Login error message"]]>
              </value>
            </param>
            <param index="1">
              <value>
                <![CDATA["Optional[Testing SalesForceLogin]"]]>
              </value>
            </param>
          </params>
          <reporter-output>
          </reporter-output>
        </test-method> <!-- runScenario -->
        <test-method signature="runScenario(io.cucumber.testng.PickleWrapper,io.cucumber.testng.FeatureWrapper)[pri:0, instance:com.salesforce.runner.Runner@16293aa2]" started-at="2022-06-11T18:18:25 CDT" name="runScenario" description="Runs Cucumber Scenarios" data-provider="scenarios" finished-at="2022-06-11T18:18:41 CDT" duration-ms="15609" status="PASS">
          <params>
            <param index="0">
              <value>
                <![CDATA["Login to SFDC"]]>
              </value>
            </param>
            <param index="1">
              <value>
                <![CDATA["Optional[Testing SalesForceLogin]"]]>
              </value>
            </param>
          </params>
          <reporter-output>
          </reporter-output>
        </test-method> <!-- runScenario -->
        <test-method is-config="true" signature="tearDownClass()[pri:0, instance:com.salesforce.runner.Runner@16293aa2]" started-at="2022-06-11T18:18:41 CDT" name="tearDownClass" finished-at="2022-06-11T18:18:41 CDT" duration-ms="67" status="PASS">
          <reporter-output>
          </reporter-output>
        </test-method> <!-- tearDownClass -->
      </class> <!-- com.salesforce.runner.Runner -->
    </test> <!-- Default test -->
  </suite> <!-- Default suite -->
</testng-results>
